2024.06.11 07:29:05 INFO  Started: Metals version 1.3.1 in folders 'C:\Users\blair\OneDrive\Documents\Desktop\new_tsqr_env' for client Visual Studio Code 1.89.1.
SLF4J(W): Class path contains multiple SLF4J providers.
SLF4J(W): Found provider [scribe.slf4j.ScribeServiceProvider@72ccb5c2]
SLF4J(W): Found provider [ch.qos.logback.classic.spi.LogbackServiceProvider@55ae42ed]
SLF4J(W): See https://www.slf4j.org/codes.html#multiple_bindings for an explanation.
SLF4J(I): Actual provider is of type [scribe.slf4j.ScribeServiceProvider@72ccb5c2]
2024.06.11 07:29:05 WARN  Flyway upgrade recommended: H2 2.2.224 is newer than this version of Flyway and support has not been tested. The latest supported version of H2 is 2.2.220.
2024.06.11 07:29:06 INFO  no build target found for C:\Users\blair\OneDrive\Documents\Desktop\new_tsqr_env\src\main\scala\Main.scala. Using presentation compiler with project's scala-library version: 3.3.3
2024.06.11 07:32:57 INFO  running 'C:\Users\blair\AppData\Local\Coursier\cache\arc\https\github.com\adoptium\temurin17-binaries\releases\download\jdk-17%252B35\OpenJDK17-jdk_x64_windows_hotspot_17_35.zip\jdk-17+35\bin\java.exe -Djline.terminal=jline.UnsupportedTerminal -Dsbt.log.noformat=true -Dfile.encoding=UTF-8 -jar C:\Users\blair\AppData\Local\Temp\metals14342941192736950492\sbt-launch.jar -Dbloop.export-jar-classifiers=sources bloopInstall'
2024.06.11 07:32:58 ERROR [info] [launcher] getting org.scala-sbt sbt 1.9.9  (this may take some time)...
2024.06.11 07:33:00 INFO  no build target found for C:\Users\blair\OneDrive\Documents\Desktop\new_tsqr_env\src\main\scala\Main.scala. Using presentation compiler with project's scala-library version: 3.3.3
2024.06.11 07:33:00 INFO  Shutting down server
2024.06.11 07:33:00 INFO  shutting down Metals
2024.06.11 07:33:00 INFO  Exiting server
2024.06.11 07:33:10 INFO  Started: Metals version 1.3.1 in folders 'C:\Users\blair\OneDrive\Documents\Desktop\new_tsqr_env' for client Visual Studio Code 1.90.0.
SLF4J(W): Class path contains multiple SLF4J providers.
SLF4J(W): Found provider [scribe.slf4j.ScribeServiceProvider@642656f4]
SLF4J(W): Found provider [ch.qos.logback.classic.spi.LogbackServiceProvider@2dcc2f88]
SLF4J(W): See https://www.slf4j.org/codes.html#multiple_bindings for an explanation.
SLF4J(I): Actual provider is of type [scribe.slf4j.ScribeServiceProvider@642656f4]
2024.06.11 07:33:10 WARN  Flyway upgrade recommended: H2 2.2.224 is newer than this version of Flyway and support has not been tested. The latest supported version of H2 is 2.2.220.
2024.06.11 07:33:12 INFO  skipping build import with status 'Started'
2024.06.11 07:33:12 INFO  no build target found for C:\Users\blair\OneDrive\Documents\Desktop\new_tsqr_env\src\main\scala\Main.scala. Using presentation compiler with project's scala-library version: 3.3.3
2024.06.11 07:33:31 INFO  no build target found for C:\Users\blair\OneDrive\Documents\Desktop\new_tsqr_env\src\main\scala\Main.scala. Using presentation compiler with project's scala-library version: 3.3.3
Jun 11, 2024 7:33:31 AM org.eclipse.lsp4j.jsonrpc.RemoteEndpoint handleCancellation
WARNING: Unmatched cancel notification for request id 1
2024.06.11 07:33:31 INFO  no build target found for C:\Users\blair\OneDrive\Documents\Desktop\new_tsqr_env\src\main\scala\Main.scala. Using presentation compiler with project's scala-library version: 3.3.3
2024.06.11 07:33:31 INFO  no build target found for C:\Users\blair\OneDrive\Documents\Desktop\new_tsqr_env\src\main\scala\Main.scala. Using presentation compiler with project's scala-library version: 3.3.3
2024.06.11 07:33:33 WARN  no build target for: C:\Users\blair\OneDrive\Documents\Desktop\new_tsqr_env\src\main\scala\Main.scala
2024.06.11 07:33:33 INFO  no build target found for C:\Users\blair\OneDrive\Documents\Desktop\new_tsqr_env\src\main\scala\Main.scala. Using presentation compiler with project's scala-library version: 3.3.3
2024.06.11 07:33:35 INFO  no build target found for C:\Users\blair\OneDrive\Documents\Desktop\new_tsqr_env\src\main\scala\Main.scala. Using presentation compiler with project's scala-library version: 3.3.3
2024.06.11 07:33:35 INFO  no build target found for C:\Users\blair\OneDrive\Documents\Desktop\new_tsqr_env\src\main\scala\tsqr_mc.scala. Using presentation compiler with project's scala-library version: 3.3.3
2024.06.11 07:33:36 INFO  no build target found for C:\Users\blair\OneDrive\Documents\Desktop\new_tsqr_env\src\main\scala\tsqr_mc.scala. Using presentation compiler with project's scala-library version: 3.3.3
2024.06.11 07:33:36 WARN  no build target for: C:\Users\blair\OneDrive\Documents\Desktop\new_tsqr_env\src\main\scala\tsqr_mc.scala
2024.06.11 07:33:36 INFO  no build target found for C:\Users\blair\OneDrive\Documents\Desktop\new_tsqr_env\src\main\scala\tsqr_mc.scala. Using presentation compiler with project's scala-library version: 3.3.3
2024.06.11 07:33:38 WARN  no build target for: C:\Users\blair\OneDrive\Documents\Desktop\new_tsqr_env\src\main\scala\tsqr_mc.scala
2024.06.11 07:33:38 INFO  no build target found for C:\Users\blair\OneDrive\Documents\Desktop\new_tsqr_env\src\main\scala\tsqr_mc.scala. Using presentation compiler with project's scala-library version: 3.3.3
2024.06.11 07:33:40 INFO  no build target found for C:\Users\blair\OneDrive\Documents\Desktop\new_tsqr_env\src\main\scala\hh_datapath_chisel.scala. Using presentation compiler with project's scala-library version: 3.3.3
2024.06.11 07:33:40 INFO  no build target found for C:\Users\blair\OneDrive\Documents\Desktop\new_tsqr_env\src\main\scala\hh_datapath_chisel.scala. Using presentation compiler with project's scala-library version: 3.3.3
2024.06.11 07:33:40 WARN  Could not find semantic tokens for: file:///C:/Users/blair/OneDrive/Documents/Desktop/new_tsqr_env/src/main/scala/hh_datapath_chisel.scala
2024.06.11 07:33:41 WARN  no build target for: C:\Users\blair\OneDrive\Documents\Desktop\new_tsqr_env\src\main\scala\hh_datapath_chisel.scala
2024.06.11 07:33:40 INFO  no build target found for C:\Users\blair\OneDrive\Documents\Desktop\new_tsqr_env\src\main\scala\hh_datapath_chisel.scala. Using presentation compiler with project's scala-library version: 3.3.3
2024.06.11 07:33:40 WARN  Could not find semantic tokens for: file:///C:/Users/blair/OneDrive/Documents/Desktop/new_tsqr_env/src/main/scala/hh_datapath_chisel.scala
2024.06.11 07:34:02 INFO  no build target found for C:\Users\blair\OneDrive\Documents\Desktop\new_tsqr_env\src\main\scala\hh_datapath_chisel.scala. Using presentation compiler with project's scala-library version: 3.3.3
2024.06.11 07:34:02 INFO  no build target found for C:\Users\blair\OneDrive\Documents\Desktop\new_tsqr_env\src\main\scala\hh_datapath_chisel.scala. Using presentation compiler with project's scala-library version: 3.3.3
2024.06.11 07:34:07 INFO  no build target found for C:\Users\blair\OneDrive\Documents\Desktop\new_tsqr_env\src\main\scala\hh_datapath_chisel.scala. Using presentation compiler with project's scala-library version: 3.3.3
2024.06.11 07:34:07 INFO  no build target found for C:\Users\blair\OneDrive\Documents\Desktop\new_tsqr_env\src\main\scala\hh_datapath_chisel.scala. Using presentation compiler with project's scala-library version: 3.3.3
2024.06.11 07:34:08 WARN  no build target for: C:\Users\blair\OneDrive\Documents\Desktop\new_tsqr_env\src\main\scala\hh_datapath_chisel.scala
2024.06.11 07:34:08 INFO  no build target found for C:\Users\blair\OneDrive\Documents\Desktop\new_tsqr_env\src\main\scala\hh_datapath_chisel.scala. Using presentation compiler with project's scala-library version: 3.3.3
2024.06.11 07:34:10 INFO  no build target found for C:\Users\blair\OneDrive\Documents\Desktop\new_tsqr_env\src\main\scala\tsqr_mc.scala. Using presentation compiler with project's scala-library version: 3.3.3
2024.06.11 07:34:16 INFO  no build target found for C:\Users\blair\OneDrive\Documents\Desktop\new_tsqr_env\src\main\scala\tsqr_fsm.scala. Using presentation compiler with project's scala-library version: 3.3.3
2024.06.11 07:34:16 INFO  no build target found for C:\Users\blair\OneDrive\Documents\Desktop\new_tsqr_env\src\main\scala\tsqr_fsm.scala. Using presentation compiler with project's scala-library version: 3.3.3
2024.06.11 07:34:24 INFO  no build target found for C:\Users\blair\OneDrive\Documents\Desktop\new_tsqr_env\src\main\scala\hh_core.scala. Using presentation compiler with project's scala-library version: 3.3.3
2024.06.11 07:34:24 INFO  no build target found for C:\Users\blair\OneDrive\Documents\Desktop\new_tsqr_env\src\main\scala\hh_core.scala. Using presentation compiler with project's scala-library version: 3.3.3
2024.06.11 07:34:24 WARN  Could not find semantic tokens for: file:///C:/Users/blair/OneDrive/Documents/Desktop/new_tsqr_env/src/main/scala/hh_core.scala
2024.06.11 07:34:26 INFO  no build target found for C:\Users\blair\OneDrive\Documents\Desktop\new_tsqr_env\src\main\scala\hh_core.scala. Using presentation compiler with project's scala-library version: 3.3.3
2024.06.11 07:34:26 INFO  no build target found for C:\Users\blair\OneDrive\Documents\Desktop\new_tsqr_env\src\main\scala\hh_core.scala. Using presentation compiler with project's scala-library version: 3.3.3
2024.06.11 07:34:26 INFO  no build target found for C:\Users\blair\OneDrive\Documents\Desktop\new_tsqr_env\src\main\scala\hh_core.scala. Using presentation compiler with project's scala-library version: 3.3.3
2024.06.11 07:34:27 INFO  no build target found for C:\Users\blair\OneDrive\Documents\Desktop\new_tsqr_env\src\main\scala\hh_core.scala. Using presentation compiler with project's scala-library version: 3.3.3
2024.06.11 07:34:27 INFO  no build target found for C:\Users\blair\OneDrive\Documents\Desktop\new_tsqr_env\src\main\scala\hh_core.scala. Using presentation compiler with project's scala-library version: 3.3.3
2024.06.11 07:34:27 INFO  no build target found for C:\Users\blair\OneDrive\Documents\Desktop\new_tsqr_env\src\main\scala\hh_core.scala. Using presentation compiler with project's scala-library version: 3.3.3
2024.06.11 07:34:29 INFO  no build target found for C:\Users\blair\OneDrive\Documents\Desktop\new_tsqr_env\src\main\scala\hh_core.scala. Using presentation compiler with project's scala-library version: 3.3.3
2024.06.11 07:34:29 INFO  no build target found for C:\Users\blair\OneDrive\Documents\Desktop\new_tsqr_env\src\main\scala\hh_core.scala. Using presentation compiler with project's scala-library version: 3.3.3
2024.06.11 07:34:30 INFO  no build target found for C:\Users\blair\OneDrive\Documents\Desktop\new_tsqr_env\src\main\scala\hh_core.scala. Using presentation compiler with project's scala-library version: 3.3.3
2024.06.11 07:34:30 INFO  no build target found for C:\Users\blair\OneDrive\Documents\Desktop\new_tsqr_env\src\main\scala\hh_core.scala. Using presentation compiler with project's scala-library version: 3.3.3
2024.06.11 07:34:35 INFO  no build target found for C:\Users\blair\OneDrive\Documents\Desktop\new_tsqr_env\src\main\scala\hh_core.scala. Using presentation compiler with project's scala-library version: 3.3.3
2024.06.11 07:34:35 INFO  no build target found for C:\Users\blair\OneDrive\Documents\Desktop\new_tsqr_env\src\main\scala\hh_core.scala. Using presentation compiler with project's scala-library version: 3.3.3
2024.06.11 07:34:35 INFO  no build target found for C:\Users\blair\OneDrive\Documents\Desktop\new_tsqr_env\src\main\scala\hh_core.scala. Using presentation compiler with project's scala-library version: 3.3.3
2024.06.11 07:34:38 INFO  no build target found for C:\Users\blair\OneDrive\Documents\Desktop\new_tsqr_env\src\main\scala\hh_core.scala. Using presentation compiler with project's scala-library version: 3.3.3
2024.06.11 07:34:38 INFO  no build target found for C:\Users\blair\OneDrive\Documents\Desktop\new_tsqr_env\src\main\scala\hh_core.scala. Using presentation compiler with project's scala-library version: 3.3.3
2024.06.11 07:34:38 INFO  no build target found for C:\Users\blair\OneDrive\Documents\Desktop\new_tsqr_env\src\main\scala\hh_core.scala. Using presentation compiler with project's scala-library version: 3.3.3
2024.06.11 07:34:40 INFO  no build target found for C:\Users\blair\OneDrive\Documents\Desktop\new_tsqr_env\src\main\scala\hh_core.scala. Using presentation compiler with project's scala-library version: 3.3.3
2024.06.11 07:34:41 INFO  no build target found for C:\Users\blair\OneDrive\Documents\Desktop\new_tsqr_env\src\main\scala\hh_core.scala. Using presentation compiler with project's scala-library version: 3.3.3
2024.06.11 07:34:41 INFO  no build target found for C:\Users\blair\OneDrive\Documents\Desktop\new_tsqr_env\src\main\scala\hh_core.scala. Using presentation compiler with project's scala-library version: 3.3.3
2024.06.11 07:34:41 INFO  no build target found for C:\Users\blair\OneDrive\Documents\Desktop\new_tsqr_env\src\main\scala\hh_core.scala. Using presentation compiler with project's scala-library version: 3.3.3
2024.06.11 07:34:44 INFO  no build target found for C:\Users\blair\OneDrive\Documents\Desktop\new_tsqr_env\src\main\scala\hh_core.scala. Using presentation compiler with project's scala-library version: 3.3.3
2024.06.11 07:34:44 INFO  no build target found for C:\Users\blair\OneDrive\Documents\Desktop\new_tsqr_env\src\main\scala\hh_core.scala. Using presentation compiler with project's scala-library version: 3.3.3
2024.06.11 07:34:44 INFO  no build target found for C:\Users\blair\OneDrive\Documents\Desktop\new_tsqr_env\src\main\scala\hh_core.scala. Using presentation compiler with project's scala-library version: 3.3.3
2024.06.11 07:34:46 WARN  no build target for: C:\Users\blair\OneDrive\Documents\Desktop\new_tsqr_env\src\main\scala\hh_core.scala
2024.06.11 07:34:46 INFO  no build target found for C:\Users\blair\OneDrive\Documents\Desktop\new_tsqr_env\src\main\scala\hh_core.scala. Using presentation compiler with project's scala-library version: 3.3.3
2024.06.11 07:34:46 INFO  no build target found for C:\Users\blair\OneDrive\Documents\Desktop\new_tsqr_env\src\main\scala\hh_core.scala. Using presentation compiler with project's scala-library version: 3.3.3
2024.06.11 07:34:49 INFO  no build target found for C:\Users\blair\OneDrive\Documents\Desktop\new_tsqr_env\src\main\scala\tsqr_mc.scala. Using presentation compiler with project's scala-library version: 3.3.3
2024.06.11 07:34:53 INFO  no build target found for C:\Users\blair\OneDrive\Documents\Desktop\new_tsqr_env\src\main\scala\tsqr_mc.scala. Using presentation compiler with project's scala-library version: 3.3.3
2024.06.11 07:34:56 INFO  no build target found for C:\Users\blair\OneDrive\Documents\Desktop\new_tsqr_env\src\main\scala\tsqr_mc.scala. Using presentation compiler with project's scala-library version: 3.3.3
2024.06.11 07:34:58 INFO  no build target found for C:\Users\blair\OneDrive\Documents\Desktop\new_tsqr_env\src\main\scala\tsqr_mc.scala. Using presentation compiler with project's scala-library version: 3.3.3
2024.06.11 07:34:58 INFO  no build target found for C:\Users\blair\OneDrive\Documents\Desktop\new_tsqr_env\src\main\scala\tsqr_mc.scala. Using presentation compiler with project's scala-library version: 3.3.3
2024.06.11 07:34:58 INFO  no build target found for C:\Users\blair\OneDrive\Documents\Desktop\new_tsqr_env\src\main\scala\tsqr_mc.scala. Using presentation compiler with project's scala-library version: 3.3.3
2024.06.11 07:34:58 INFO  no build target found for C:\Users\blair\OneDrive\Documents\Desktop\new_tsqr_env\src\main\scala\tsqr_mc.scala. Using presentation compiler with project's scala-library version: 3.3.3
2024.06.11 07:35:01 INFO  no build target found for C:\Users\blair\OneDrive\Documents\Desktop\new_tsqr_env\src\main\scala\tsqr_mc.scala. Using presentation compiler with project's scala-library version: 3.3.3
2024.06.11 07:35:01 INFO  no build target found for C:\Users\blair\OneDrive\Documents\Desktop\new_tsqr_env\src\main\scala\tsqr_mc.scala. Using presentation compiler with project's scala-library version: 3.3.3
2024.06.11 07:35:04 INFO  no build target found for C:\Users\blair\OneDrive\Documents\Desktop\new_tsqr_env\src\main\scala\tsqr_mc.scala. Using presentation compiler with project's scala-library version: 3.3.3
2024.06.11 07:35:04 INFO  no build target found for C:\Users\blair\OneDrive\Documents\Desktop\new_tsqr_env\src\main\scala\tsqr_mc.scala. Using presentation compiler with project's scala-library version: 3.3.3
2024.06.11 07:35:04 INFO  no build target found for C:\Users\blair\OneDrive\Documents\Desktop\new_tsqr_env\src\main\scala\tsqr_mc.scala. Using presentation compiler with project's scala-library version: 3.3.3
2024.06.11 07:35:04 INFO  no build target found for C:\Users\blair\OneDrive\Documents\Desktop\new_tsqr_env\src\main\scala\tsqr_mc.scala. Using presentation compiler with project's scala-library version: 3.3.3
2024.06.11 07:35:05 INFO  no build target found for C:\Users\blair\OneDrive\Documents\Desktop\new_tsqr_env\src\main\scala\tsqr_mc.scala. Using presentation compiler with project's scala-library version: 3.3.3
2024.06.11 07:35:07 INFO  no build target found for C:\Users\blair\OneDrive\Documents\Desktop\new_tsqr_env\src\main\scala\tsqr_mc.scala. Using presentation compiler with project's scala-library version: 3.3.3
2024.06.11 07:35:08 INFO  no build target found for C:\Users\blair\OneDrive\Documents\Desktop\new_tsqr_env\src\main\scala\tsqr_mc.scala. Using presentation compiler with project's scala-library version: 3.3.3
2024.06.11 07:35:10 INFO  no build target found for C:\Users\blair\OneDrive\Documents\Desktop\new_tsqr_env\src\main\scala\tsqr_mc.scala. Using presentation compiler with project's scala-library version: 3.3.3
2024.06.11 07:35:14 INFO  no build target found for C:\Users\blair\OneDrive\Documents\Desktop\new_tsqr_env\src\main\scala\tsqr_mc.scala. Using presentation compiler with project's scala-library version: 3.3.3
2024.06.11 07:35:25 INFO  no build target found for C:\Users\blair\OneDrive\Documents\Desktop\new_tsqr_env\src\main\scala\FloatingPointDesigns.scala. Using presentation compiler with project's scala-library version: 3.3.3
2024.06.11 07:35:26 INFO  no build target found for C:\Users\blair\OneDrive\Documents\Desktop\new_tsqr_env\src\main\scala\FloatingPointDesigns.scala. Using presentation compiler with project's scala-library version: 3.3.3
2024.06.11 07:35:26 INFO  no build target found for C:\Users\blair\OneDrive\Documents\Desktop\new_tsqr_env\src\main\scala\FloatingPointDesigns.scala. Using presentation compiler with project's scala-library version: 3.3.3
2024.06.11 07:35:29 INFO  no build target found for C:\Users\blair\OneDrive\Documents\Desktop\new_tsqr_env\src\main\scala\FloatingPointDesigns.scala. Using presentation compiler with project's scala-library version: 3.3.3
Jun 11, 2024 7:35:29 AM org.eclipse.lsp4j.jsonrpc.RemoteEndpoint handleCancellation
WARNING: Unmatched cancel notification for request id 329
2024.06.11 07:35:29 INFO  no build target found for C:\Users\blair\OneDrive\Documents\Desktop\new_tsqr_env\src\main\scala\hh_core.scala. Using presentation compiler with project's scala-library version: 3.3.3
2024.06.11 07:35:29 INFO  no build target found for C:\Users\blair\OneDrive\Documents\Desktop\new_tsqr_env\src\main\scala\FloatingPointDesigns.scala. Using presentation compiler with project's scala-library version: 3.3.3
2024.06.11 07:35:29 INFO  no build target found for C:\Users\blair\OneDrive\Documents\Desktop\new_tsqr_env\src\main\scala\FloatingPointDesigns.scala. Using presentation compiler with project's scala-library version: 3.3.3
2024.06.11 07:35:29 INFO  no build target found for C:\Users\blair\OneDrive\Documents\Desktop\new_tsqr_env\src\main\scala\BinaryDesigns.scala. Using presentation compiler with project's scala-library version: 3.3.3
2024.06.11 07:35:29 INFO  no build target found for C:\Users\blair\OneDrive\Documents\Desktop\new_tsqr_env\src\main\scala\FloatingPointDesigns.scala. Using presentation compiler with project's scala-library version: 3.3.3
2024.06.11 07:35:29 INFO  no build target found for C:\Users\blair\OneDrive\Documents\Desktop\new_tsqr_env\src\main\scala\BinaryDesigns.scala. Using presentation compiler with project's scala-library version: 3.3.3
2024.06.11 07:35:30 INFO  no build target found for C:\Users\blair\OneDrive\Documents\Desktop\new_tsqr_env\src\main\scala\BinaryDesigns.scala. Using presentation compiler with project's scala-library version: 3.3.3
2024.06.11 07:35:31 INFO  no build target found for C:\Users\blair\OneDrive\Documents\Desktop\new_tsqr_env\src\main\scala\BinaryDesigns.scala. Using presentation compiler with project's scala-library version: 3.3.3
2024.06.11 07:35:30 INFO  no build target found for C:\Users\blair\OneDrive\Documents\Desktop\new_tsqr_env\src\main\scala\FloatingPointDesigns.scala. Using presentation compiler with project's scala-library version: 3.3.3
2024.06.11 07:35:31 INFO  no build target found for C:\Users\blair\OneDrive\Documents\Desktop\new_tsqr_env\src\main\scala\BinaryDesigns.scala. Using presentation compiler with project's scala-library version: 3.3.3
2024.06.11 07:35:33 INFO  no build target found for C:\Users\blair\OneDrive\Documents\Desktop\new_tsqr_env\src\main\scala\BinaryDesigns.scala. Using presentation compiler with project's scala-library version: 3.3.3
2024.06.11 07:35:33 INFO  no build target found for C:\Users\blair\OneDrive\Documents\Desktop\new_tsqr_env\src\main\scala\FPConvert.scala. Using presentation compiler with project's scala-library version: 3.3.3
2024.06.11 07:35:33 INFO  no build target found for C:\Users\blair\OneDrive\Documents\Desktop\new_tsqr_env\src\main\scala\FloatingPointDesigns.scala. Using presentation compiler with project's scala-library version: 3.3.3
2024.06.11 07:35:33 INFO  no build target found for C:\Users\blair\OneDrive\Documents\Desktop\new_tsqr_env\src\main\scala\FPConvert.scala. Using presentation compiler with project's scala-library version: 3.3.3
2024.06.11 07:35:33 INFO  no build target found for C:\Users\blair\OneDrive\Documents\Desktop\new_tsqr_env\src\main\scala\FloatingPointDesigns.scala. Using presentation compiler with project's scala-library version: 3.3.3
2024.06.11 07:35:33 INFO  no build target found for C:\Users\blair\OneDrive\Documents\Desktop\new_tsqr_env\src\main\scala\hh_datapath_chisel.scala. Using presentation compiler with project's scala-library version: 3.3.3
2024.06.11 07:35:34 INFO  no build target found for C:\Users\blair\OneDrive\Documents\Desktop\new_tsqr_env\src\main\scala\hh_datapath_chisel.scala. Using presentation compiler with project's scala-library version: 3.3.3
2024.06.11 07:35:34 INFO  no build target found for C:\Users\blair\OneDrive\Documents\Desktop\new_tsqr_env\src\main\scala\hh_datapath_chisel.scala. Using presentation compiler with project's scala-library version: 3.3.3
2024.06.11 07:35:36 INFO  no build target found for C:\Users\blair\OneDrive\Documents\Desktop\new_tsqr_env\src\main\scala\FloatingPointDesigns.scala. Using presentation compiler with project's scala-library version: 3.3.3
2024.06.11 07:35:36 INFO  no build target found for C:\Users\blair\OneDrive\Documents\Desktop\new_tsqr_env\src\main\scala\hh_core.scala. Using presentation compiler with project's scala-library version: 3.3.3
2024.06.11 07:35:38 INFO  no build target found for C:\Users\blair\OneDrive\Documents\Desktop\new_tsqr_env\src\main\scala\hh_core.scala. Using presentation compiler with project's scala-library version: 3.3.3
2024.06.11 07:35:38 INFO  no build target found for C:\Users\blair\OneDrive\Documents\Desktop\new_tsqr_env\src\main\scala\hh_core.scala. Using presentation compiler with project's scala-library version: 3.3.3
2024.06.11 07:35:39 INFO  no build target found for C:\Users\blair\OneDrive\Documents\Desktop\new_tsqr_env\src\main\scala\hh_core.scala. Using presentation compiler with project's scala-library version: 3.3.3
2024.06.11 07:35:39 INFO  no build target found for C:\Users\blair\OneDrive\Documents\Desktop\new_tsqr_env\src\main\scala\hh_core.scala. Using presentation compiler with project's scala-library version: 3.3.3
2024.06.11 07:35:41 INFO  no build target found for C:\Users\blair\OneDrive\Documents\Desktop\new_tsqr_env\src\main\scala\hh_core.scala. Using presentation compiler with project's scala-library version: 3.3.3
2024.06.11 07:35:41 INFO  no build target found for C:\Users\blair\OneDrive\Documents\Desktop\new_tsqr_env\src\main\scala\hh_core.scala. Using presentation compiler with project's scala-library version: 3.3.3
2024.06.11 07:35:41 INFO  no build target found for C:\Users\blair\OneDrive\Documents\Desktop\new_tsqr_env\src\main\scala\hh_core.scala. Using presentation compiler with project's scala-library version: 3.3.3
2024.06.11 07:35:42 INFO  no build target found for C:\Users\blair\OneDrive\Documents\Desktop\new_tsqr_env\src\main\scala\hh_core.scala. Using presentation compiler with project's scala-library version: 3.3.3
2024.06.11 07:35:44 INFO  no build target found for C:\Users\blair\OneDrive\Documents\Desktop\new_tsqr_env\src\main\scala\hh_core.scala. Using presentation compiler with project's scala-library version: 3.3.3
2024.06.11 07:35:46 INFO  no build target found for C:\Users\blair\OneDrive\Documents\Desktop\new_tsqr_env\src\main\scala\hh_core.scala. Using presentation compiler with project's scala-library version: 3.3.3
2024.06.11 07:35:46 INFO  no build target found for C:\Users\blair\OneDrive\Documents\Desktop\new_tsqr_env\src\main\scala\hh_core.scala. Using presentation compiler with project's scala-library version: 3.3.3
2024.06.11 07:35:46 INFO  no build target found for C:\Users\blair\OneDrive\Documents\Desktop\new_tsqr_env\src\main\scala\hh_core.scala. Using presentation compiler with project's scala-library version: 3.3.3
2024.06.11 07:35:47 INFO  no build target found for C:\Users\blair\OneDrive\Documents\Desktop\new_tsqr_env\src\main\scala\hh_core.scala. Using presentation compiler with project's scala-library version: 3.3.3
2024.06.11 07:35:47 INFO  no build target found for C:\Users\blair\OneDrive\Documents\Desktop\new_tsqr_env\src\main\scala\hh_core.scala. Using presentation compiler with project's scala-library version: 3.3.3
2024.06.11 07:35:47 ERROR Failed to tokenize input for semantic tokens for C:\Users\blair\OneDrive\Documents\Desktop\new_tsqr_env\src\main\scala\hh_core.scala
scala.meta.tokenizers.TokenizeException: <input>:234: error: unclosed comment
 /*
 ^
	at scala.meta.internal.tokenizers.Reporter.incompleteInputError(Reporter.scala:27)
	at scala.meta.internal.tokenizers.Reporter.incompleteInputError$(Reporter.scala:26)
	at scala.meta.internal.tokenizers.Reporter$$anon$1.incompleteInputError(Reporter.scala:33)
	at scala.meta.internal.tokenizers.Reporter.incompleteInputError(Reporter.scala:29)
	at scala.meta.internal.tokenizers.Reporter.incompleteInputError$(Reporter.scala:29)
	at scala.meta.internal.tokenizers.Reporter$$anon$1.incompleteInputError(Reporter.scala:33)
	at scala.meta.internal.tokenizers.LegacyScanner.skipNestedComments(LegacyScanner.scala:55)
	at scala.meta.internal.tokenizers.LegacyScanner.skipToCommentEnd(LegacyScanner.scala:74)
	at scala.meta.internal.tokenizers.LegacyScanner.fetchToken(LegacyScanner.scala:316)
	at scala.meta.internal.tokenizers.LegacyScanner.nextToken(LegacyScanner.scala:214)
	at scala.meta.internal.tokenizers.LegacyScanner.foreach(LegacyScanner.scala:982)
	at scala.meta.internal.tokenizers.ScalametaTokenizer.uncachedTokenize(ScalametaTokenizer.scala:23)
	at scala.meta.internal.tokenizers.ScalametaTokenizer.$anonfun$tokenize$1(ScalametaTokenizer.scala:16)
	at scala.collection.concurrent.TrieMap.getOrElseUpdate(TrieMap.scala:960)
	at scala.meta.internal.tokenizers.ScalametaTokenizer.tokenize(ScalametaTokenizer.scala:16)
	at scala.meta.internal.tokenizers.ScalametaTokenizer$$anon$2.apply(ScalametaTokenizer.scala:331)
	at scala.meta.tokenizers.Api$XtensionTokenizeDialectInput.tokenize(Api.scala:25)
	at scala.meta.tokenizers.Api$XtensionTokenizeInputLike.tokenize(Api.scala:14)
	at scala.meta.internal.metals.SemanticTokensProvider$.getTokens(SemanticTokensProvider.scala:28)
	at scala.meta.internal.metals.SemanticTokensProvider$.provide(SemanticTokensProvider.scala:89)
	at scala.meta.internal.metals.Compilers.$anonfun$semanticTokens$3(Compilers.scala:514)
	at scala.concurrent.impl.Promise$Transformation.run(Promise.scala:467)
	at java.util.concurrent.ThreadPoolExecutor.runWorker(ThreadPoolExecutor.java:1136)
	at java.util.concurrent.ThreadPoolExecutor$Worker.run(ThreadPoolExecutor.java:635)
	at java.lang.Thread.run(Thread.java:833)

2024.06.11 07:35:46 INFO  no build target found for C:\Users\blair\OneDrive\Documents\Desktop\new_tsqr_env\src\main\scala\hh_core.scala. Using presentation compiler with project's scala-library version: 3.3.3
2024.06.11 07:35:49 INFO  no build target found for C:\Users\blair\OneDrive\Documents\Desktop\new_tsqr_env\src\main\scala\hh_core.scala. Using presentation compiler with project's scala-library version: 3.3.3
2024.06.11 07:35:49 INFO  no build target found for C:\Users\blair\OneDrive\Documents\Desktop\new_tsqr_env\src\main\scala\hh_core.scala. Using presentation compiler with project's scala-library version: 3.3.3
2024.06.11 07:35:49 INFO  no build target found for C:\Users\blair\OneDrive\Documents\Desktop\new_tsqr_env\src\main\scala\hh_core.scala. Using presentation compiler with project's scala-library version: 3.3.3
2024.06.11 07:35:49 INFO  no build target found for C:\Users\blair\OneDrive\Documents\Desktop\new_tsqr_env\src\main\scala\hh_core.scala. Using presentation compiler with project's scala-library version: 3.3.3
2024.06.11 07:35:49 ERROR Failed to tokenize input for semantic tokens for C:\Users\blair\OneDrive\Documents\Desktop\new_tsqr_env\src\main\scala\hh_core.scala
scala.meta.tokenizers.TokenizeException: <input>:234: error: unclosed comment
 /*
 ^
	at scala.meta.internal.tokenizers.Reporter.incompleteInputError(Reporter.scala:27)
	at scala.meta.internal.tokenizers.Reporter.incompleteInputError$(Reporter.scala:26)
	at scala.meta.internal.tokenizers.Reporter$$anon$1.incompleteInputError(Reporter.scala:33)
	at scala.meta.internal.tokenizers.Reporter.incompleteInputError(Reporter.scala:29)
	at scala.meta.internal.tokenizers.Reporter.incompleteInputError$(Reporter.scala:29)
	at scala.meta.internal.tokenizers.Reporter$$anon$1.incompleteInputError(Reporter.scala:33)
	at scala.meta.internal.tokenizers.LegacyScanner.skipNestedComments(LegacyScanner.scala:55)
	at scala.meta.internal.tokenizers.LegacyScanner.skipToCommentEnd(LegacyScanner.scala:74)
	at scala.meta.internal.tokenizers.LegacyScanner.fetchToken(LegacyScanner.scala:316)
	at scala.meta.internal.tokenizers.LegacyScanner.nextToken(LegacyScanner.scala:214)
	at scala.meta.internal.tokenizers.LegacyScanner.foreach(LegacyScanner.scala:982)
	at scala.meta.internal.tokenizers.ScalametaTokenizer.uncachedTokenize(ScalametaTokenizer.scala:23)
	at scala.meta.internal.tokenizers.ScalametaTokenizer.$anonfun$tokenize$1(ScalametaTokenizer.scala:16)
	at scala.collection.concurrent.TrieMap.getOrElseUpdate(TrieMap.scala:960)
	at scala.meta.internal.tokenizers.ScalametaTokenizer.tokenize(ScalametaTokenizer.scala:16)
	at scala.meta.internal.tokenizers.ScalametaTokenizer$$anon$2.apply(ScalametaTokenizer.scala:331)
	at scala.meta.tokenizers.Api$XtensionTokenizeDialectInput.tokenize(Api.scala:25)
	at scala.meta.tokenizers.Api$XtensionTokenizeInputLike.tokenize(Api.scala:14)
	at scala.meta.internal.metals.SemanticTokensProvider$.getTokens(SemanticTokensProvider.scala:28)
	at scala.meta.internal.metals.SemanticTokensProvider$.provide(SemanticTokensProvider.scala:89)
	at scala.meta.internal.metals.Compilers.$anonfun$semanticTokens$3(Compilers.scala:514)
	at scala.concurrent.impl.Promise$Transformation.run(Promise.scala:467)
	at java.util.concurrent.ThreadPoolExecutor.runWorker(ThreadPoolExecutor.java:1136)
	at java.util.concurrent.ThreadPoolExecutor$Worker.run(ThreadPoolExecutor.java:635)
	at java.lang.Thread.run(Thread.java:833)

2024.06.11 07:35:49 INFO  no build target found for C:\Users\blair\OneDrive\Documents\Desktop\new_tsqr_env\src\main\scala\hh_core.scala. Using presentation compiler with project's scala-library version: 3.3.3
2024.06.11 07:35:49 INFO  no build target found for C:\Users\blair\OneDrive\Documents\Desktop\new_tsqr_env\src\main\scala\hh_core.scala. Using presentation compiler with project's scala-library version: 3.3.3
2024.06.11 07:35:50 INFO  no build target found for C:\Users\blair\OneDrive\Documents\Desktop\new_tsqr_env\src\main\scala\hh_core.scala. Using presentation compiler with project's scala-library version: 3.3.3
2024.06.11 07:35:50 INFO  no build target found for C:\Users\blair\OneDrive\Documents\Desktop\new_tsqr_env\src\main\scala\hh_core.scala. Using presentation compiler with project's scala-library version: 3.3.3
2024.06.11 07:35:50 ERROR Failed to tokenize input for semantic tokens for C:\Users\blair\OneDrive\Documents\Desktop\new_tsqr_env\src\main\scala\hh_core.scala
scala.meta.tokenizers.TokenizeException: <input>:234: error: unclosed comment
 /*
 ^
	at scala.meta.internal.tokenizers.Reporter.incompleteInputError(Reporter.scala:27)
	at scala.meta.internal.tokenizers.Reporter.incompleteInputError$(Reporter.scala:26)
	at scala.meta.internal.tokenizers.Reporter$$anon$1.incompleteInputError(Reporter.scala:33)
	at scala.meta.internal.tokenizers.Reporter.incompleteInputError(Reporter.scala:29)
	at scala.meta.internal.tokenizers.Reporter.incompleteInputError$(Reporter.scala:29)
	at scala.meta.internal.tokenizers.Reporter$$anon$1.incompleteInputError(Reporter.scala:33)
	at scala.meta.internal.tokenizers.LegacyScanner.skipNestedComments(LegacyScanner.scala:55)
	at scala.meta.internal.tokenizers.LegacyScanner.skipToCommentEnd(LegacyScanner.scala:74)
	at scala.meta.internal.tokenizers.LegacyScanner.fetchToken(LegacyScanner.scala:316)
	at scala.meta.internal.tokenizers.LegacyScanner.nextToken(LegacyScanner.scala:214)
	at scala.meta.internal.tokenizers.LegacyScanner.foreach(LegacyScanner.scala:982)
	at scala.meta.internal.tokenizers.ScalametaTokenizer.uncachedTokenize(ScalametaTokenizer.scala:23)
	at scala.meta.internal.tokenizers.ScalametaTokenizer.$anonfun$tokenize$1(ScalametaTokenizer.scala:16)
	at scala.collection.concurrent.TrieMap.getOrElseUpdate(TrieMap.scala:960)
	at scala.meta.internal.tokenizers.ScalametaTokenizer.tokenize(ScalametaTokenizer.scala:16)
	at scala.meta.internal.tokenizers.ScalametaTokenizer$$anon$2.apply(ScalametaTokenizer.scala:331)
	at scala.meta.tokenizers.Api$XtensionTokenizeDialectInput.tokenize(Api.scala:25)
	at scala.meta.tokenizers.Api$XtensionTokenizeInputLike.tokenize(Api.scala:14)
	at scala.meta.internal.metals.SemanticTokensProvider$.getTokens(SemanticTokensProvider.scala:28)
	at scala.meta.internal.metals.SemanticTokensProvider$.provide(SemanticTokensProvider.scala:89)
	at scala.meta.internal.metals.Compilers.$anonfun$semanticTokens$3(Compilers.scala:514)
	at scala.concurrent.impl.Promise$Transformation.run(Promise.scala:467)
	at java.util.concurrent.ThreadPoolExecutor.runWorker(ThreadPoolExecutor.java:1136)
	at java.util.concurrent.ThreadPoolExecutor$Worker.run(ThreadPoolExecutor.java:635)
	at java.lang.Thread.run(Thread.java:833)

2024.06.11 07:35:50 INFO  no build target found for C:\Users\blair\OneDrive\Documents\Desktop\new_tsqr_env\src\main\scala\hh_core.scala. Using presentation compiler with project's scala-library version: 3.3.3
2024.06.11 07:35:50 INFO  no build target found for C:\Users\blair\OneDrive\Documents\Desktop\new_tsqr_env\src\main\scala\hh_core.scala. Using presentation compiler with project's scala-library version: 3.3.3
2024.06.11 07:35:50 INFO  no build target found for C:\Users\blair\OneDrive\Documents\Desktop\new_tsqr_env\src\main\scala\hh_core.scala. Using presentation compiler with project's scala-library version: 3.3.3
2024.06.11 07:35:50 WARN  no build target for: C:\Users\blair\OneDrive\Documents\Desktop\new_tsqr_env\src\main\scala\hh_core.scala
2024.06.11 07:35:50 INFO  no build target found for C:\Users\blair\OneDrive\Documents\Desktop\new_tsqr_env\src\main\scala\hh_core.scala. Using presentation compiler with project's scala-library version: 3.3.3
2024.06.11 07:35:50 INFO  no build target found for C:\Users\blair\OneDrive\Documents\Desktop\new_tsqr_env\src\main\scala\hh_core.scala. Using presentation compiler with project's scala-library version: 3.3.3
2024.06.11 07:35:50 INFO  no build target found for C:\Users\blair\OneDrive\Documents\Desktop\new_tsqr_env\src\main\scala\hh_core.scala. Using presentation compiler with project's scala-library version: 3.3.3
2024.06.11 07:35:53 INFO  no build target found for C:\Users\blair\OneDrive\Documents\Desktop\new_tsqr_env\src\main\scala\hh_core.scala. Using presentation compiler with project's scala-library version: 3.3.3
2024.06.11 07:35:55 INFO  no build target found for C:\Users\blair\OneDrive\Documents\Desktop\new_tsqr_env\src\main\scala\hh_core.scala. Using presentation compiler with project's scala-library version: 3.3.3
2024.06.11 07:35:55 INFO  no build target found for C:\Users\blair\OneDrive\Documents\Desktop\new_tsqr_env\src\main\scala\hh_core.scala. Using presentation compiler with project's scala-library version: 3.3.3
2024.06.11 07:35:55 INFO  no build target found for C:\Users\blair\OneDrive\Documents\Desktop\new_tsqr_env\src\main\scala\hh_core.scala. Using presentation compiler with project's scala-library version: 3.3.3
2024.06.11 07:35:57 INFO  no build target found for C:\Users\blair\OneDrive\Documents\Desktop\new_tsqr_env\src\main\scala\hh_core.scala. Using presentation compiler with project's scala-library version: 3.3.3
2024.06.11 07:36:01 INFO  no build target found for C:\Users\blair\OneDrive\Documents\Desktop\new_tsqr_env\src\main\scala\hh_datapath_chisel.scala. Using presentation compiler with project's scala-library version: 3.3.3
2024.06.11 07:36:01 WARN  no build target for: C:\Users\blair\OneDrive\Documents\Desktop\new_tsqr_env\src\main\scala\hh_datapath_chisel.scala
2024.06.11 07:36:01 INFO  no build target found for C:\Users\blair\OneDrive\Documents\Desktop\new_tsqr_env\src\main\scala\hh_datapath_chisel.scala. Using presentation compiler with project's scala-library version: 3.3.3
2024.06.11 07:36:01 INFO  no build target found for C:\Users\blair\OneDrive\Documents\Desktop\new_tsqr_env\src\main\scala\hh_datapath_chisel.scala. Using presentation compiler with project's scala-library version: 3.3.3
2024.06.11 07:36:01 WARN  Using indexes to guess the definition of io
2024.06.11 07:36:01 INFO  no build target found for C:\Users\blair\OneDrive\Documents\Desktop\new_tsqr_env\src\main\scala\hh_datapath_chisel.scala. Using presentation compiler with project's scala-library version: 3.3.3
2024.06.11 07:36:01 WARN  Using indexes to guess the definition of yjp_rdy
2024.06.11 07:36:01 INFO  no build target found for C:\Users\blair\OneDrive\Documents\Desktop\new_tsqr_env\src\main\scala\hh_datapath_chisel.scala. Using presentation compiler with project's scala-library version: 3.3.3
2024.06.11 07:36:01 WARN  Using indexes to guess the definition of yjp_vld
2024.06.11 07:36:03 INFO  no build target found for C:\Users\blair\OneDrive\Documents\Desktop\new_tsqr_env\src\main\scala\hh_datapath_chisel.scala. Using presentation compiler with project's scala-library version: 3.3.3
2024.06.11 07:36:10 INFO  no build target found for C:\Users\blair\OneDrive\Documents\Desktop\new_tsqr_env\src\main\scala\hh_datapath_chisel.scala. Using presentation compiler with project's scala-library version: 3.3.3
Jun 11, 2024 7:36:13 AM org.eclipse.lsp4j.jsonrpc.RemoteEndpoint fallbackResponseError
SEVERE: Internal error: scala.meta.internal.metals.debug.BuildTargetNotFoundForPathException: No build target could be found for the path: C:\Users\blair\OneDrive\Documents\Desktop\new_tsqr_env\src\main\scala\hh_datapath_chisel.scala
java.util.concurrent.CompletionException: scala.meta.internal.metals.debug.BuildTargetNotFoundForPathException: No build target could be found for the path: C:\Users\blair\OneDrive\Documents\Desktop\new_tsqr_env\src\main\scala\hh_datapath_chisel.scala
	at java.base/java.util.concurrent.CompletableFuture.encodeThrowable(CompletableFuture.java:332)
	at java.base/java.util.concurrent.CompletableFuture.uniAcceptNow(CompletableFuture.java:747)
	at java.base/java.util.concurrent.CompletableFuture.uniAcceptStage(CompletableFuture.java:735)
	at java.base/java.util.concurrent.CompletableFuture.thenAcceptAsync(CompletableFuture.java:2186)
	at scala.concurrent.java8.FuturesConvertersImpl$CF.thenAccept(FutureConvertersImpl.scala:37)
	at org.eclipse.lsp4j.jsonrpc.RemoteEndpoint.handleRequest(RemoteEndpoint.java:279)
	at org.eclipse.lsp4j.jsonrpc.RemoteEndpoint.consume(RemoteEndpoint.java:190)
	at org.eclipse.lsp4j.jsonrpc.json.StreamMessageProducer.handleMessage(StreamMessageProducer.java:194)
	at org.eclipse.lsp4j.jsonrpc.json.StreamMessageProducer.listen(StreamMessageProducer.java:94)
	at org.eclipse.lsp4j.jsonrpc.json.ConcurrentMessageProcessor.run(ConcurrentMessageProcessor.java:113)
	at java.base/java.util.concurrent.Executors$RunnableAdapter.call(Executors.java:539)
	at java.base/java.util.concurrent.FutureTask.run(FutureTask.java:264)
	at java.base/java.util.concurrent.ThreadPoolExecutor.runWorker(ThreadPoolExecutor.java:1136)
	at java.base/java.util.concurrent.ThreadPoolExecutor$Worker.run(ThreadPoolExecutor.java:635)
	at java.base/java.lang.Thread.run(Thread.java:833)
Caused by: scala.meta.internal.metals.debug.BuildTargetNotFoundForPathException: No build target could be found for the path: C:\Users\blair\OneDrive\Documents\Desktop\new_tsqr_env\src\main\scala\hh_datapath_chisel.scala
	at scala.meta.internal.metals.debug.DebugProvider.debugDiscovery(DebugProvider.scala:586)
	at scala.meta.internal.metals.debug.DebugProvider.runCommandDiscovery(DebugProvider.scala:520)
	at scala.meta.internal.metals.MetalsLspService.discoverMainClasses(MetalsLspService.scala:1835)
	at scala.meta.internal.metals.WorkspaceLspService.executeCommand(WorkspaceLspService.scala:765)
	at scala.meta.metals.lsp.DelegatingScalaService.executeCommand(DelegatingScalaService.scala:169)
	at java.base/jdk.internal.reflect.NativeMethodAccessorImpl.invoke0(Native Method)
	at java.base/jdk.internal.reflect.NativeMethodAccessorImpl.invoke(NativeMethodAccessorImpl.java:77)
	at java.base/jdk.internal.reflect.DelegatingMethodAccessorImpl.invoke(DelegatingMethodAccessorImpl.java:43)
	at java.base/java.lang.reflect.Method.invoke(Method.java:568)
	at org.eclipse.lsp4j.jsonrpc.services.GenericEndpoint.lambda$null$0(GenericEndpoint.java:65)
	at org.eclipse.lsp4j.jsonrpc.services.GenericEndpoint.request(GenericEndpoint.java:120)
	at org.eclipse.lsp4j.jsonrpc.RemoteEndpoint.handleRequest(RemoteEndpoint.java:261)
	... 9 more

2024.06.11 07:36:18 INFO  no build target found for C:\Users\blair\OneDrive\Documents\Desktop\new_tsqr_env\src\main\scala\hh_datapath_chisel.scala. Using presentation compiler with project's scala-library version: 3.3.3
2024.06.11 07:36:26 INFO  no build target found for C:\Users\blair\OneDrive\Documents\Desktop\new_tsqr_env\src\main\scala\hh_datapath_chisel.scala. Using presentation compiler with project's scala-library version: 3.3.3
2024.06.11 07:36:27 INFO  no build target found for C:\Users\blair\OneDrive\Documents\Desktop\new_tsqr_env\src\main\scala\FPConvert.scala. Using presentation compiler with project's scala-library version: 3.3.3
2024.06.11 07:37:26 INFO  no build target found for C:\Users\blair\OneDrive\Documents\Desktop\new_tsqr_env\src\main\scala\FloatingPointDesigns.scala. Using presentation compiler with project's scala-library version: 3.3.3
2024.06.11 07:37:28 WARN  no build target for: C:\Users\blair\OneDrive\Documents\Desktop\new_tsqr_env\src\main\scala\FloatingPointDesigns.scala
2024.06.11 07:37:28 INFO  no build target found for C:\Users\blair\OneDrive\Documents\Desktop\new_tsqr_env\src\main\scala\FloatingPointDesigns.scala. Using presentation compiler with project's scala-library version: 3.3.3
2024.06.11 07:37:38 INFO  no build target found for C:\Users\blair\OneDrive\Documents\Desktop\new_tsqr_env\src\main\scala\FloatingPointDesigns.scala. Using presentation compiler with project's scala-library version: 3.3.3
2024.06.11 07:37:38 INFO  no build target found for C:\Users\blair\OneDrive\Documents\Desktop\new_tsqr_env\src\main\scala\FloatingPointDesigns.scala. Using presentation compiler with project's scala-library version: 3.3.3
2024.06.11 07:37:40 INFO  no build target found for C:\Users\blair\OneDrive\Documents\Desktop\new_tsqr_env\src\main\scala\FloatingPointDesigns.scala. Using presentation compiler with project's scala-library version: 3.3.3
2024.06.11 07:37:40 INFO  no build target found for C:\Users\blair\OneDrive\Documents\Desktop\new_tsqr_env\src\main\scala\FloatingPointDesigns.scala. Using presentation compiler with project's scala-library version: 3.3.3
2024.06.11 07:37:43 INFO  no build target found for C:\Users\blair\OneDrive\Documents\Desktop\new_tsqr_env\src\main\scala\FloatingPointDesigns.scala. Using presentation compiler with project's scala-library version: 3.3.3
2024.06.11 07:37:43 INFO  no build target found for C:\Users\blair\OneDrive\Documents\Desktop\new_tsqr_env\src\main\scala\FloatingPointDesigns.scala. Using presentation compiler with project's scala-library version: 3.3.3
2024.06.11 07:37:47 INFO  no build target found for C:\Users\blair\OneDrive\Documents\Desktop\new_tsqr_env\src\main\scala\FloatingPointDesigns.scala. Using presentation compiler with project's scala-library version: 3.3.3
2024.06.11 07:37:47 INFO  no build target found for C:\Users\blair\OneDrive\Documents\Desktop\new_tsqr_env\src\main\scala\FloatingPointDesigns.scala. Using presentation compiler with project's scala-library version: 3.3.3
2024.06.11 07:37:48 INFO  no build target found for C:\Users\blair\OneDrive\Documents\Desktop\new_tsqr_env\src\main\scala\FloatingPointDesigns.scala. Using presentation compiler with project's scala-library version: 3.3.3
2024.06.11 07:37:52 INFO  no build target found for C:\Users\blair\OneDrive\Documents\Desktop\new_tsqr_env\src\main\scala\FloatingPointDesigns.scala. Using presentation compiler with project's scala-library version: 3.3.3
2024.06.11 07:37:52 INFO  no build target found for C:\Users\blair\OneDrive\Documents\Desktop\new_tsqr_env\src\main\scala\FloatingPointDesigns.scala. Using presentation compiler with project's scala-library version: 3.3.3
2024.06.11 07:37:53 INFO  no build target found for C:\Users\blair\OneDrive\Documents\Desktop\new_tsqr_env\src\main\scala\FloatingPointDesigns.scala. Using presentation compiler with project's scala-library version: 3.3.3
2024.06.11 07:37:53 INFO  no build target found for C:\Users\blair\OneDrive\Documents\Desktop\new_tsqr_env\src\main\scala\FloatingPointDesigns.scala. Using presentation compiler with project's scala-library version: 3.3.3
2024.06.11 07:37:53 INFO  no build target found for C:\Users\blair\OneDrive\Documents\Desktop\new_tsqr_env\src\main\scala\FloatingPointDesigns.scala. Using presentation compiler with project's scala-library version: 3.3.3
2024.06.11 07:37:53 ERROR Failed to tokenize input for semantic tokens for C:\Users\blair\OneDrive\Documents\Desktop\new_tsqr_env\src\main\scala\FloatingPointDesigns.scala
scala.meta.tokenizers.TokenizeException: <input>:2714: error: unclosed comment
/*
^
	at scala.meta.internal.tokenizers.Reporter.incompleteInputError(Reporter.scala:27)
	at scala.meta.internal.tokenizers.Reporter.incompleteInputError$(Reporter.scala:26)
	at scala.meta.internal.tokenizers.Reporter$$anon$1.incompleteInputError(Reporter.scala:33)
	at scala.meta.internal.tokenizers.Reporter.incompleteInputError(Reporter.scala:29)
	at scala.meta.internal.tokenizers.Reporter.incompleteInputError$(Reporter.scala:29)
	at scala.meta.internal.tokenizers.Reporter$$anon$1.incompleteInputError(Reporter.scala:33)
	at scala.meta.internal.tokenizers.LegacyScanner.skipNestedComments(LegacyScanner.scala:55)
	at scala.meta.internal.tokenizers.LegacyScanner.skipToCommentEnd(LegacyScanner.scala:74)
	at scala.meta.internal.tokenizers.LegacyScanner.fetchToken(LegacyScanner.scala:316)
	at scala.meta.internal.tokenizers.LegacyScanner.nextToken(LegacyScanner.scala:214)
	at scala.meta.internal.tokenizers.LegacyScanner.foreach(LegacyScanner.scala:982)
	at scala.meta.internal.tokenizers.ScalametaTokenizer.uncachedTokenize(ScalametaTokenizer.scala:23)
	at scala.meta.internal.tokenizers.ScalametaTokenizer.$anonfun$tokenize$1(ScalametaTokenizer.scala:16)
	at scala.collection.concurrent.TrieMap.getOrElseUpdate(TrieMap.scala:960)
	at scala.meta.internal.tokenizers.ScalametaTokenizer.tokenize(ScalametaTokenizer.scala:16)
	at scala.meta.internal.tokenizers.ScalametaTokenizer$$anon$2.apply(ScalametaTokenizer.scala:331)
	at scala.meta.tokenizers.Api$XtensionTokenizeDialectInput.tokenize(Api.scala:25)
	at scala.meta.tokenizers.Api$XtensionTokenizeInputLike.tokenize(Api.scala:14)
	at scala.meta.internal.metals.SemanticTokensProvider$.getTokens(SemanticTokensProvider.scala:28)
	at scala.meta.internal.metals.SemanticTokensProvider$.provide(SemanticTokensProvider.scala:89)
	at scala.meta.internal.metals.Compilers.$anonfun$semanticTokens$3(Compilers.scala:514)
	at scala.concurrent.impl.Promise$Transformation.run(Promise.scala:467)
	at java.util.concurrent.ThreadPoolExecutor.runWorker(ThreadPoolExecutor.java:1136)
	at java.util.concurrent.ThreadPoolExecutor$Worker.run(ThreadPoolExecutor.java:635)
	at java.lang.Thread.run(Thread.java:833)

2024.06.11 07:37:55 INFO  no build target found for C:\Users\blair\OneDrive\Documents\Desktop\new_tsqr_env\src\main\scala\FloatingPointDesigns.scala. Using presentation compiler with project's scala-library version: 3.3.3
2024.06.11 07:37:55 INFO  no build target found for C:\Users\blair\OneDrive\Documents\Desktop\new_tsqr_env\src\main\scala\FloatingPointDesigns.scala. Using presentation compiler with project's scala-library version: 3.3.3
2024.06.11 07:37:57 INFO  no build target found for C:\Users\blair\OneDrive\Documents\Desktop\new_tsqr_env\src\main\scala\FloatingPointDesigns.scala. Using presentation compiler with project's scala-library version: 3.3.3
2024.06.11 07:37:59 INFO  no build target found for C:\Users\blair\OneDrive\Documents\Desktop\new_tsqr_env\src\main\scala\FloatingPointDesigns.scala. Using presentation compiler with project's scala-library version: 3.3.3
2024.06.11 07:38:00 INFO  no build target found for C:\Users\blair\OneDrive\Documents\Desktop\new_tsqr_env\src\main\scala\FloatingPointDesigns.scala. Using presentation compiler with project's scala-library version: 3.3.3
2024.06.11 07:38:00 INFO  no build target found for C:\Users\blair\OneDrive\Documents\Desktop\new_tsqr_env\src\main\scala\FloatingPointDesigns.scala. Using presentation compiler with project's scala-library version: 3.3.3
2024.06.11 07:38:01 INFO  no build target found for C:\Users\blair\OneDrive\Documents\Desktop\new_tsqr_env\src\main\scala\FloatingPointDesigns.scala. Using presentation compiler with project's scala-library version: 3.3.3
2024.06.11 07:38:01 INFO  no build target found for C:\Users\blair\OneDrive\Documents\Desktop\new_tsqr_env\src\main\scala\FloatingPointDesigns.scala. Using presentation compiler with project's scala-library version: 3.3.3
2024.06.11 07:38:03 INFO  no build target found for C:\Users\blair\OneDrive\Documents\Desktop\new_tsqr_env\src\main\scala\FloatingPointDesigns.scala. Using presentation compiler with project's scala-library version: 3.3.3
2024.06.11 07:38:04 INFO  no build target found for C:\Users\blair\OneDrive\Documents\Desktop\new_tsqr_env\src\main\scala\FloatingPointDesigns.scala. Using presentation compiler with project's scala-library version: 3.3.3
2024.06.11 07:38:08 INFO  no build target found for C:\Users\blair\OneDrive\Documents\Desktop\new_tsqr_env\src\main\scala\FloatingPointDesigns.scala. Using presentation compiler with project's scala-library version: 3.3.3
2024.06.11 07:38:08 INFO  no build target found for C:\Users\blair\OneDrive\Documents\Desktop\new_tsqr_env\src\main\scala\FloatingPointDesigns.scala. Using presentation compiler with project's scala-library version: 3.3.3
2024.06.11 07:38:08 INFO  no build target found for C:\Users\blair\OneDrive\Documents\Desktop\new_tsqr_env\src\main\scala\FloatingPointDesigns.scala. Using presentation compiler with project's scala-library version: 3.3.3
2024.06.11 07:38:08 INFO  no build target found for C:\Users\blair\OneDrive\Documents\Desktop\new_tsqr_env\src\main\scala\FloatingPointDesigns.scala. Using presentation compiler with project's scala-library version: 3.3.3
2024.06.11 07:38:08 INFO  no build target found for C:\Users\blair\OneDrive\Documents\Desktop\new_tsqr_env\src\main\scala\FloatingPointDesigns.scala. Using presentation compiler with project's scala-library version: 3.3.3
2024.06.11 07:38:08 ERROR Failed to tokenize input for semantic tokens for C:\Users\blair\OneDrive\Documents\Desktop\new_tsqr_env\src\main\scala\FloatingPointDesigns.scala
scala.meta.tokenizers.TokenizeException: <input>:2714: error: unclosed comment
/*
^
	at scala.meta.internal.tokenizers.Reporter.incompleteInputError(Reporter.scala:27)
	at scala.meta.internal.tokenizers.Reporter.incompleteInputError$(Reporter.scala:26)
	at scala.meta.internal.tokenizers.Reporter$$anon$1.incompleteInputError(Reporter.scala:33)
	at scala.meta.internal.tokenizers.Reporter.incompleteInputError(Reporter.scala:29)
	at scala.meta.internal.tokenizers.Reporter.incompleteInputError$(Reporter.scala:29)
	at scala.meta.internal.tokenizers.Reporter$$anon$1.incompleteInputError(Reporter.scala:33)
	at scala.meta.internal.tokenizers.LegacyScanner.skipNestedComments(LegacyScanner.scala:55)
	at scala.meta.internal.tokenizers.LegacyScanner.skipToCommentEnd(LegacyScanner.scala:74)
	at scala.meta.internal.tokenizers.LegacyScanner.fetchToken(LegacyScanner.scala:316)
	at scala.meta.internal.tokenizers.LegacyScanner.nextToken(LegacyScanner.scala:214)
	at scala.meta.internal.tokenizers.LegacyScanner.foreach(LegacyScanner.scala:982)
	at scala.meta.internal.tokenizers.ScalametaTokenizer.uncachedTokenize(ScalametaTokenizer.scala:23)
	at scala.meta.internal.tokenizers.ScalametaTokenizer.$anonfun$tokenize$1(ScalametaTokenizer.scala:16)
	at scala.collection.concurrent.TrieMap.getOrElseUpdate(TrieMap.scala:960)
	at scala.meta.internal.tokenizers.ScalametaTokenizer.tokenize(ScalametaTokenizer.scala:16)
	at scala.meta.internal.tokenizers.ScalametaTokenizer$$anon$2.apply(ScalametaTokenizer.scala:331)
	at scala.meta.tokenizers.Api$XtensionTokenizeDialectInput.tokenize(Api.scala:25)
	at scala.meta.tokenizers.Api$XtensionTokenizeInputLike.tokenize(Api.scala:14)
	at scala.meta.internal.metals.SemanticTokensProvider$.getTokens(SemanticTokensProvider.scala:28)
	at scala.meta.internal.metals.SemanticTokensProvider$.provide(SemanticTokensProvider.scala:89)
	at scala.meta.internal.metals.Compilers.$anonfun$semanticTokens$3(Compilers.scala:514)
	at scala.concurrent.impl.Promise$Transformation.run(Promise.scala:467)
	at java.util.concurrent.ThreadPoolExecutor.runWorker(ThreadPoolExecutor.java:1136)
	at java.util.concurrent.ThreadPoolExecutor$Worker.run(ThreadPoolExecutor.java:635)
	at java.lang.Thread.run(Thread.java:833)

2024.06.11 07:38:08 INFO  no build target found for C:\Users\blair\OneDrive\Documents\Desktop\new_tsqr_env\src\main\scala\FloatingPointDesigns.scala. Using presentation compiler with project's scala-library version: 3.3.3
2024.06.11 07:38:09 WARN  no build target for: C:\Users\blair\OneDrive\Documents\Desktop\new_tsqr_env\src\main\scala\FloatingPointDesigns.scala
2024.06.11 07:38:08 INFO  no build target found for C:\Users\blair\OneDrive\Documents\Desktop\new_tsqr_env\src\main\scala\FloatingPointDesigns.scala. Using presentation compiler with project's scala-library version: 3.3.3
2024.06.11 07:38:09 INFO  no build target found for C:\Users\blair\OneDrive\Documents\Desktop\new_tsqr_env\src\main\scala\FloatingPointDesigns.scala. Using presentation compiler with project's scala-library version: 3.3.3
2024.06.11 07:38:09 INFO  no build target found for C:\Users\blair\OneDrive\Documents\Desktop\new_tsqr_env\src\main\scala\FloatingPointDesigns.scala. Using presentation compiler with project's scala-library version: 3.3.3
2024.06.11 07:38:09 INFO  no build target found for C:\Users\blair\OneDrive\Documents\Desktop\new_tsqr_env\src\main\scala\FloatingPointDesigns.scala. Using presentation compiler with project's scala-library version: 3.3.3
2024.06.11 07:38:12 WARN  no build target for: C:\Users\blair\OneDrive\Documents\Desktop\new_tsqr_env\src\main\scala\FloatingPointDesigns.scala
2024.06.11 07:38:12 INFO  no build target found for C:\Users\blair\OneDrive\Documents\Desktop\new_tsqr_env\src\main\scala\FloatingPointDesigns.scala. Using presentation compiler with project's scala-library version: 3.3.3
2024.06.11 07:38:14 INFO  no build target found for c:\Users\blair\OneDrive\Documents\Desktop\new_tsqr_env\src\main\scala\FPConvert.scala. Using presentation compiler with project's scala-library version: 3.3.3
2024.06.11 07:38:14 INFO  no build target found for c:\Users\blair\OneDrive\Documents\Desktop\new_tsqr_env\src\main\scala\FPConvert.scala. Using presentation compiler with project's scala-library version: 3.3.3
2024.06.11 07:38:14 INFO  no build target found for c:\Users\blair\OneDrive\Documents\Desktop\new_tsqr_env\src\main\scala\FPConvert.scala. Using presentation compiler with project's scala-library version: 3.3.3
2024.06.11 07:38:15 INFO  no build target found for C:\Users\blair\OneDrive\Documents\Desktop\new_tsqr_env\src\main\scala\FloatingPointDesigns.scala. Using presentation compiler with project's scala-library version: 3.3.3
2024.06.11 07:38:20 INFO  no build target found for C:\Users\blair\OneDrive\Documents\Desktop\new_tsqr_env\src\main\scala\hh_datapath_chisel.scala. Using presentation compiler with project's scala-library version: 3.3.3
Jun 11, 2024 7:38:21 AM org.eclipse.lsp4j.jsonrpc.RemoteEndpoint fallbackResponseError
SEVERE: Internal error: scala.meta.internal.metals.debug.BuildTargetNotFoundForPathException: No build target could be found for the path: C:\Users\blair\OneDrive\Documents\Desktop\new_tsqr_env\src\main\scala\hh_datapath_chisel.scala
java.util.concurrent.CompletionException: scala.meta.internal.metals.debug.BuildTargetNotFoundForPathException: No build target could be found for the path: C:\Users\blair\OneDrive\Documents\Desktop\new_tsqr_env\src\main\scala\hh_datapath_chisel.scala
	at java.base/java.util.concurrent.CompletableFuture.encodeThrowable(CompletableFuture.java:332)
	at java.base/java.util.concurrent.CompletableFuture.uniAcceptNow(CompletableFuture.java:747)
	at java.base/java.util.concurrent.CompletableFuture.uniAcceptStage(CompletableFuture.java:735)
	at java.base/java.util.concurrent.CompletableFuture.thenAcceptAsync(CompletableFuture.java:2186)
	at scala.concurrent.java8.FuturesConvertersImpl$CF.thenAccept(FutureConvertersImpl.scala:37)
	at org.eclipse.lsp4j.jsonrpc.RemoteEndpoint.handleRequest(RemoteEndpoint.java:279)
	at org.eclipse.lsp4j.jsonrpc.RemoteEndpoint.consume(RemoteEndpoint.java:190)
	at org.eclipse.lsp4j.jsonrpc.json.StreamMessageProducer.handleMessage(StreamMessageProducer.java:194)
	at org.eclipse.lsp4j.jsonrpc.json.StreamMessageProducer.listen(StreamMessageProducer.java:94)
	at org.eclipse.lsp4j.jsonrpc.json.ConcurrentMessageProcessor.run(ConcurrentMessageProcessor.java:113)
	at java.base/java.util.concurrent.Executors$RunnableAdapter.call(Executors.java:539)
	at java.base/java.util.concurrent.FutureTask.run(FutureTask.java:264)
	at java.base/java.util.concurrent.ThreadPoolExecutor.runWorker(ThreadPoolExecutor.java:1136)
	at java.base/java.util.concurrent.ThreadPoolExecutor$Worker.run(ThreadPoolExecutor.java:635)
	at java.base/java.lang.Thread.run(Thread.java:833)
Caused by: scala.meta.internal.metals.debug.BuildTargetNotFoundForPathException: No build target could be found for the path: C:\Users\blair\OneDrive\Documents\Desktop\new_tsqr_env\src\main\scala\hh_datapath_chisel.scala
	at scala.meta.internal.metals.debug.DebugProvider.debugDiscovery(DebugProvider.scala:586)
	at scala.meta.internal.metals.debug.DebugProvider.runCommandDiscovery(DebugProvider.scala:520)
	at scala.meta.internal.metals.MetalsLspService.discoverMainClasses(MetalsLspService.scala:1835)
	at scala.meta.internal.metals.WorkspaceLspService.executeCommand(WorkspaceLspService.scala:765)
	at scala.meta.metals.lsp.DelegatingScalaService.executeCommand(DelegatingScalaService.scala:169)
	at java.base/jdk.internal.reflect.NativeMethodAccessorImpl.invoke0(Native Method)
	at java.base/jdk.internal.reflect.NativeMethodAccessorImpl.invoke(NativeMethodAccessorImpl.java:77)
	at java.base/jdk.internal.reflect.DelegatingMethodAccessorImpl.invoke(DelegatingMethodAccessorImpl.java:43)
	at java.base/java.lang.reflect.Method.invoke(Method.java:568)
	at org.eclipse.lsp4j.jsonrpc.services.GenericEndpoint.lambda$null$0(GenericEndpoint.java:65)
	at org.eclipse.lsp4j.jsonrpc.services.GenericEndpoint.request(GenericEndpoint.java:120)
	at org.eclipse.lsp4j.jsonrpc.RemoteEndpoint.handleRequest(RemoteEndpoint.java:261)
	... 9 more

2024.06.11 07:38:33 INFO  no build target found for C:\Users\blair\OneDrive\Documents\Desktop\new_tsqr_env\project\metals.sbt. Using presentation compiler with project's scala-library version: 3.3.3
2024.06.11 07:38:33 INFO  no build target found for C:\Users\blair\OneDrive\Documents\Desktop\new_tsqr_env\project\metals.sbt. Using presentation compiler with project's scala-library version: 3.3.3
2024.06.11 07:38:33 WARN  Could not find semantic tokens for: file:///C:/Users/blair/OneDrive/Documents/Desktop/new_tsqr_env/project/metals.sbt
2024.06.11 07:38:36 INFO  no build target found for C:\Users\blair\OneDrive\Documents\Desktop\new_tsqr_env\project\metals.sbt. Using presentation compiler with project's scala-library version: 3.3.3
2024.06.11 07:38:37 INFO  no build target found for C:\Users\blair\OneDrive\Documents\Desktop\new_tsqr_env\project\metals.sbt. Using presentation compiler with project's scala-library version: 3.3.3
2024.06.11 07:38:37 INFO  no build target found for C:\Users\blair\OneDrive\Documents\Desktop\new_tsqr_env\project\metals.sbt. Using presentation compiler with project's scala-library version: 3.3.3
2024.06.11 07:38:37 WARN  Could not find semantic tokens for: file:///C:/Users/blair/OneDrive/Documents/Desktop/new_tsqr_env/project/metals.sbt
2024.06.11 07:38:40 INFO  no build target found for C:\Users\blair\OneDrive\Documents\Desktop\new_tsqr_env\project\metals.sbt. Using presentation compiler with project's scala-library version: 3.3.3
2024.06.11 07:38:40 WARN  Could not find semantic tokens for: file:///C:/Users/blair/OneDrive/Documents/Desktop/new_tsqr_env/project/metals.sbt
Jun 11, 2024 7:38:43 AM org.eclipse.lsp4j.jsonrpc.RemoteEndpoint handleCancellation
WARNING: Unmatched cancel notification for request id 787
Jun 11, 2024 7:38:43 AM org.eclipse.lsp4j.jsonrpc.RemoteEndpoint handleCancellation
WARNING: Unmatched cancel notification for request id 788
Jun 11, 2024 7:38:43 AM org.eclipse.lsp4j.jsonrpc.RemoteEndpoint handleCancellation
WARNING: Unmatched cancel notification for request id 789
2024.06.11 07:38:43 INFO  no build target found for C:\Users\blair\OneDrive\Documents\Desktop\new_tsqr_env\project\metals.sbt. Using presentation compiler with project's scala-library version: 3.3.3
2024.06.11 07:38:43 WARN  Could not find semantic tokens for: file:///C:/Users/blair/OneDrive/Documents/Desktop/new_tsqr_env/project/metals.sbt
2024.06.11 07:38:57 INFO  no build target found for C:\Users\blair\OneDrive\Documents\Desktop\new_tsqr_env\project\metals.sbt. Using presentation compiler with project's scala-library version: 3.3.3
2024.06.11 07:38:57 INFO  no build target found for C:\Users\blair\OneDrive\Documents\Desktop\new_tsqr_env\build.sbt. Using presentation compiler with project's scala-library version: 3.3.3
2024.06.11 07:38:57 INFO  no build target found for C:\Users\blair\OneDrive\Documents\Desktop\new_tsqr_env\build.sbt. Using presentation compiler with project's scala-library version: 3.3.3
2024.06.11 07:38:57 INFO  no build target found for C:\Users\blair\OneDrive\Documents\Desktop\new_tsqr_env\build.sbt. Using presentation compiler with project's scala-library version: 3.3.3
2024.06.11 07:39:10 INFO  no build target found for C:\Users\blair\OneDrive\Documents\Desktop\new_tsqr_env\build.sbt. Using presentation compiler with project's scala-library version: 3.3.3
2024.06.11 07:39:10 INFO  no build target found for C:\Users\blair\OneDrive\Documents\Desktop\new_tsqr_env\src\main\scala\hh_datapath_chisel.scala. Using presentation compiler with project's scala-library version: 3.3.3
Jun 11, 2024 7:39:12 AM org.eclipse.lsp4j.jsonrpc.RemoteEndpoint fallbackResponseError
SEVERE: Internal error: scala.meta.internal.metals.debug.BuildTargetNotFoundForPathException: No build target could be found for the path: C:\Users\blair\OneDrive\Documents\Desktop\new_tsqr_env\src\main\scala\hh_datapath_chisel.scala
java.util.concurrent.CompletionException: scala.meta.internal.metals.debug.BuildTargetNotFoundForPathException: No build target could be found for the path: C:\Users\blair\OneDrive\Documents\Desktop\new_tsqr_env\src\main\scala\hh_datapath_chisel.scala
	at java.base/java.util.concurrent.CompletableFuture.encodeThrowable(CompletableFuture.java:332)
	at java.base/java.util.concurrent.CompletableFuture.uniAcceptNow(CompletableFuture.java:747)
	at java.base/java.util.concurrent.CompletableFuture.uniAcceptStage(CompletableFuture.java:735)
	at java.base/java.util.concurrent.CompletableFuture.thenAcceptAsync(CompletableFuture.java:2186)
	at scala.concurrent.java8.FuturesConvertersImpl$CF.thenAccept(FutureConvertersImpl.scala:37)
	at org.eclipse.lsp4j.jsonrpc.RemoteEndpoint.handleRequest(RemoteEndpoint.java:279)
	at org.eclipse.lsp4j.jsonrpc.RemoteEndpoint.consume(RemoteEndpoint.java:190)
	at org.eclipse.lsp4j.jsonrpc.json.StreamMessageProducer.handleMessage(StreamMessageProducer.java:194)
	at org.eclipse.lsp4j.jsonrpc.json.StreamMessageProducer.listen(StreamMessageProducer.java:94)
	at org.eclipse.lsp4j.jsonrpc.json.ConcurrentMessageProcessor.run(ConcurrentMessageProcessor.java:113)
	at java.base/java.util.concurrent.Executors$RunnableAdapter.call(Executors.java:539)
	at java.base/java.util.concurrent.FutureTask.run(FutureTask.java:264)
	at java.base/java.util.concurrent.ThreadPoolExecutor.runWorker(ThreadPoolExecutor.java:1136)
	at java.base/java.util.concurrent.ThreadPoolExecutor$Worker.run(ThreadPoolExecutor.java:635)
	at java.base/java.lang.Thread.run(Thread.java:833)
Caused by: scala.meta.internal.metals.debug.BuildTargetNotFoundForPathException: No build target could be found for the path: C:\Users\blair\OneDrive\Documents\Desktop\new_tsqr_env\src\main\scala\hh_datapath_chisel.scala
	at scala.meta.internal.metals.debug.DebugProvider.debugDiscovery(DebugProvider.scala:586)
	at scala.meta.internal.metals.debug.DebugProvider.runCommandDiscovery(DebugProvider.scala:520)
	at scala.meta.internal.metals.MetalsLspService.discoverMainClasses(MetalsLspService.scala:1835)
	at scala.meta.internal.metals.WorkspaceLspService.executeCommand(WorkspaceLspService.scala:765)
	at scala.meta.metals.lsp.DelegatingScalaService.executeCommand(DelegatingScalaService.scala:169)
	at java.base/jdk.internal.reflect.NativeMethodAccessorImpl.invoke0(Native Method)
	at java.base/jdk.internal.reflect.NativeMethodAccessorImpl.invoke(NativeMethodAccessorImpl.java:77)
	at java.base/jdk.internal.reflect.DelegatingMethodAccessorImpl.invoke(DelegatingMethodAccessorImpl.java:43)
	at java.base/java.lang.reflect.Method.invoke(Method.java:568)
	at org.eclipse.lsp4j.jsonrpc.services.GenericEndpoint.lambda$null$0(GenericEndpoint.java:65)
	at org.eclipse.lsp4j.jsonrpc.services.GenericEndpoint.request(GenericEndpoint.java:120)
	at org.eclipse.lsp4j.jsonrpc.RemoteEndpoint.handleRequest(RemoteEndpoint.java:261)
	... 9 more

2024.06.11 07:39:14 INFO  Shutting down server
2024.06.11 07:39:14 INFO  shutting down Metals
2024.06.11 07:39:14 INFO  Exiting server
2024.06.11 07:39:24 INFO  Started: Metals version 1.3.1 in folders 'C:\Users\blair\OneDrive\Documents\Desktop\new_tsqr_env' for client Visual Studio Code 1.90.0.
SLF4J(W): Class path contains multiple SLF4J providers.
SLF4J(W): Found provider [scribe.slf4j.ScribeServiceProvider@4c444ef6]
SLF4J(W): Found provider [ch.qos.logback.classic.spi.LogbackServiceProvider@13ffd08]
SLF4J(W): See https://www.slf4j.org/codes.html#multiple_bindings for an explanation.
SLF4J(I): Actual provider is of type [scribe.slf4j.ScribeServiceProvider@4c444ef6]
2024.06.11 07:39:24 WARN  Flyway upgrade recommended: H2 2.2.224 is newer than this version of Flyway and support has not been tested. The latest supported version of H2 is 2.2.220.
2024.06.11 07:39:26 INFO  no build target found for C:\Users\blair\OneDrive\Documents\Desktop\new_tsqr_env\src\main\scala\hh_datapath_chisel.scala. Using presentation compiler with project's scala-library version: 3.3.3
2024.06.11 07:39:26 INFO  Attempting to connect to the build server...
2024.06.11 07:39:26 INFO  tracing is disabled for protocol BSP, to enable tracing of incoming and outgoing JSON messages create an empty file at C:\Users\blair\OneDrive\Documents\Desktop\new_tsqr_env\.metals\bsp.trace.json or C:\Users\blair\AppData\Local\scalameta\metals\cache\bsp.trace.json
2024.06.11 07:39:26 INFO  Attempting to connect to the build server...
2024.06.11 07:39:26 INFO  tracing is disabled for protocol BSP, to enable tracing of incoming and outgoing JSON messages create an empty file at C:\Users\blair\OneDrive\Documents\Desktop\new_tsqr_env\project\.metals\bsp.trace.json or C:\Users\blair\AppData\Local\scalameta\metals\cache\bsp.trace.json
2024.06.11 07:39:26 INFO  time: Connected to build server in 0.83s
2024.06.11 07:39:26 INFO  Connected to Build server: Bloop v1.5.17
2024.06.11 07:39:32 INFO  time: indexed workspace in 5.08s
2024.06.11 07:39:32 INFO  compiling root (11 scala sources)
2024.06.11 07:39:32 INFO  time: compiled root in 0.97s
2024.06.11 07:39:32 INFO  compiling root (11 scala sources)
2024.06.11 07:39:34 INFO  time: compiled root in 1.06s
2024.06.11 07:40:03 INFO  compiling root (11 scala sources)
2024.06.11 07:40:04 INFO  time: compiled root in 1.08s
2024.06.11 07:40:12 INFO  compiling root (11 scala sources)
2024.06.11 07:40:12 INFO  time: compiled root in 0.88s
2024.06.11 07:40:13 INFO  compiling root (11 scala sources)
2024.06.11 07:40:13 INFO  time: compiled root in 0.88s
2024.06.11 07:40:29 INFO  compiling root (11 scala sources)
2024.06.11 07:40:29 INFO  time: compiled root in 0.87s
2024.06.11 07:40:43 INFO  compiling root (11 scala sources)
2024.06.11 07:40:43 INFO  time: compiled root in 0.9s
2024.06.11 07:40:49 INFO  compiling root (11 scala sources)
2024.06.11 07:40:49 WARN  Using indexes to guess the definition of io
2024.06.11 07:40:49 INFO  time: compiled root in 0.88s
2024.06.11 07:40:56 WARN  Using indexes to guess the definition of out_s
2024.06.11 07:40:59 INFO  compiling root (11 scala sources)
2024.06.11 07:40:59 INFO  time: compiled root in 0.88s
2024.06.11 07:41:03 WARN  Using indexes to guess the definition of io
2024.06.11 07:41:09 WARN  Using indexes to guess the definition of io
2024.06.11 07:41:12 WARN  Using indexes to guess the definition of io
2024.06.11 07:41:12 WARN  Using indexes to guess the definition of io
2024.06.11 07:41:13 INFO  compiling root (11 scala sources)
2024.06.11 07:41:13 INFO  time: compiled root in 0.88s
2024.06.11 07:41:18 WARN  Using indexes to guess the definition of io
2024.06.11 07:41:18 INFO  compiling root (11 scala sources)
2024.06.11 07:41:18 INFO  time: compiled root in 0.88s
2024.06.11 07:41:30 INFO  compiling root (11 scala sources)
2024.06.11 07:41:30 INFO  time: compiled root in 0.87s
2024.06.11 07:41:34 INFO  compiling root (11 scala sources)
2024.06.11 07:41:34 INFO  time: compiled root in 0.86s
2024.06.11 07:41:47 INFO  compiling root (11 scala sources)
2024.06.11 07:41:48 INFO  time: compiled root in 1.04s
2024.06.11 07:41:49 INFO  compiling root (11 scala sources)
2024.06.11 07:41:49 INFO  time: compiled root in 0.88s
2024.06.11 07:41:52 INFO  compiling root (11 scala sources)
2024.06.11 07:41:52 INFO  time: compiled root in 0.9s
Jun 11, 2024 7:41:54 AM org.eclipse.lsp4j.jsonrpc.RemoteEndpoint handleCancellation
WARNING: Unmatched cancel notification for request id 531
2024.06.11 07:42:02 INFO  compiling root (11 scala sources)
2024.06.11 07:42:02 INFO  time: compiled root in 0.87s
2024.06.11 07:42:13 INFO  compiling root (11 scala sources)
2024.06.11 07:42:13 INFO  time: compiled root in 0.87s
2024.06.11 07:42:20 INFO  compiling root (11 scala sources)
2024.06.11 07:42:20 INFO  time: compiled root in 0.86s
Jun 11, 2024 7:42:24 AM org.eclipse.lsp4j.jsonrpc.RemoteEndpoint handleCancellation
WARNING: Unmatched cancel notification for request id 686
2024.06.11 07:42:25 INFO  compiling root (11 scala sources)
2024.06.11 07:42:25 INFO  time: compiled root in 0.9s
2024.06.11 07:42:39 INFO  compiling root (11 scala sources)
2024.06.11 07:42:39 INFO  time: compiled root in 0.89s
2024.06.11 07:42:41 WARN  Flyway upgrade recommended: H2 2.2.224 is newer than this version of Flyway and support has not been tested. The latest supported version of H2 is 2.2.220.
2024.06.11 07:42:41 INFO  no build target found for /chisel3/Module.scala. Using presentation compiler with project's scala-library version: 3.3.3
2024.06.11 07:42:42 INFO  compiling root (11 scala sources)
2024.06.11 07:42:42 INFO  time: compiled root in 0.97s
2024.06.11 07:42:45 INFO  compiling root (11 scala sources)
Jun 11, 2024 7:42:45 AM org.eclipse.lsp4j.jsonrpc.RemoteEndpoint handleCancellation
WARNING: Unmatched cancel notification for request id 752
2024.06.11 07:42:45 INFO  time: compiled root in 0.89s
2024.06.11 07:43:36 INFO  compiling root (12 scala sources)
2024.06.11 07:43:36 INFO  time: compiled root in 0.94s
2024.06.11 07:43:48 INFO  compiling root (12 scala sources)
2024.06.11 07:43:48 INFO  time: compiled root in 0.9s
Jun 11, 2024 7:43:49 AM org.eclipse.lsp4j.jsonrpc.RemoteEndpoint handleCancellation
WARNING: Unmatched cancel notification for request id 817
Jun 11, 2024 7:44:09 AM org.eclipse.lsp4j.jsonrpc.RemoteEndpoint handleCancellation
WARNING: Unmatched cancel notification for request id 846
2024.06.11 07:44:30 INFO  compiling root (12 scala sources)
2024.06.11 07:44:34 WARN  2 deprecations (since 2.13.0); re-run with -deprecation for details
2024.06.11 07:44:34 WARN  1063 feature warnings; re-run with -feature for details
2024.06.11 07:44:35 INFO  time: compiled root in 5.32s
2024.06.12 07:59:21 INFO  Started: Metals version 1.3.1 in folders 'C:\Users\blair\OneDrive\Documents\Desktop\new_tsqr_env' for client Visual Studio Code 1.90.0.
SLF4J(W): Class path contains multiple SLF4J providers.
SLF4J(W): Found provider [scribe.slf4j.ScribeServiceProvider@137b360f]
SLF4J(W): Found provider [ch.qos.logback.classic.spi.LogbackServiceProvider@6a238a86]
SLF4J(W): See https://www.slf4j.org/codes.html#multiple_bindings for an explanation.
SLF4J(I): Actual provider is of type [scribe.slf4j.ScribeServiceProvider@137b360f]
2024.06.12 07:59:25 WARN  Flyway upgrade recommended: H2 2.2.224 is newer than this version of Flyway and support has not been tested. The latest supported version of H2 is 2.2.220.
2024.06.12 07:59:25 INFO  no build target found for C:\Users\blair\OneDrive\Documents\Desktop\new_tsqr_env\src\main\scala\tsqr_fsm.scala. Using presentation compiler with project's scala-library version: 3.3.3
2024.06.12 07:59:26 INFO  Attempting to connect to the build server...
2024.06.12 07:59:32 INFO  tracing is disabled for protocol BSP, to enable tracing of incoming and outgoing JSON messages create an empty file at C:\Users\blair\OneDrive\Documents\Desktop\new_tsqr_env\.metals\bsp.trace.json or C:\Users\blair\AppData\Local\scalameta\metals\cache\bsp.trace.json
2024.06.12 07:59:32 INFO  Attempting to connect to the build server...
2024.06.12 07:59:32 INFO  tracing is disabled for protocol BSP, to enable tracing of incoming and outgoing JSON messages create an empty file at C:\Users\blair\OneDrive\Documents\Desktop\new_tsqr_env\project\.metals\bsp.trace.json or C:\Users\blair\AppData\Local\scalameta\metals\cache\bsp.trace.json
2024.06.12 07:59:32 INFO  time: Connected to build server in 6.44s
2024.06.12 07:59:32 INFO  Connected to Build server: Bloop v1.5.17
2024.06.12 07:59:48 INFO  time: indexed workspace in 16s
2024.06.12 14:46:48 INFO  compiling root (2 scala sources)
2024.06.12 14:46:55 WARN  191 feature warnings; re-run with -feature for details
2024.06.12 14:46:55 INFO  time: compiled root in 7.53s
2024.06.12 14:58:18 WARN  Flyway upgrade recommended: H2 2.2.224 is newer than this version of Flyway and support has not been tested. The latest supported version of H2 is 2.2.220.
2024.06.12 14:58:18 INFO  no build target found for /chiseltest/RawTester.scala. Using presentation compiler with project's scala-library version: 3.3.3
2024.06.12 15:08:52 INFO  time: code lens generation in 1.07s
Jun 12, 2024 3:11:44 PM org.eclipse.lsp4j.jsonrpc.RemoteEndpoint handleCancellation
WARNING: Unmatched cancel notification for request id 89
Jun 12, 2024 3:12:03 PM org.eclipse.lsp4j.jsonrpc.RemoteEndpoint handleCancellation
WARNING: Unmatched cancel notification for request id 129
Jun 12, 2024 3:12:11 PM org.eclipse.lsp4j.jsonrpc.RemoteEndpoint handleCancellation
WARNING: Unmatched cancel notification for request id 140
2024.06.12 15:13:17 INFO  no build target found for /chisel3/compatibility.scala. Using presentation compiler with project's scala-library version: 3.3.3
Jun 12, 2024 3:13:18 PM scala.meta.internal.pc.CompilerAccess handleError
SEVERE: A severe compiler error occurred, full details of the error can be found in the error report C:\Users\blair\AppData\Local\Temp\fallback-service17441558111266530090\.metals\.reports\metals-full\2024-06-12\r_compiler-error_15-13-18-313.md
2024.06.12 15:13:19 INFO  no build target found for /chisel3/compatibility.scala. Using presentation compiler with project's scala-library version: 3.3.3
Jun 12, 2024 3:13:20 PM scala.meta.internal.pc.CompilerAccess handleError
SEVERE: A severe compiler error occurred, full details of the error can be found in the error report C:\Users\blair\AppData\Local\Temp\fallback-service17441558111266530090\.metals\.reports\metals-full\2024-06-12\r_compiler-error_15-13-20-080.md
Jun 17, 2024 10:27:52 AM org.eclipse.lsp4j.jsonrpc.services.GenericEndpoint notify
INFO: Unsupported notification method: $/setTrace
2024.06.17 10:28:29 INFO  compiling root (1 scala source)
2024.06.17 10:28:30 WARN  46 feature warnings; re-run with -feature for details
2024.06.17 10:28:30 INFO  time: compiled root in 2.05s
2024.06.17 10:29:17 INFO  Shutting down server
2024.06.17 10:29:17 INFO  shutting down Metals
2024.06.17 10:29:17 INFO  Shut down connection with build server.
2024.06.17 10:29:17 INFO  Shut down connection with build server.
2024.06.17 10:29:17 INFO  Exiting server
